\BOOKMARK [0][-]{chapter.1}{\376\377\173\054\0001\172\340\000\040\136\217\212\326}{}% 1
\BOOKMARK [0][-]{chapter.2}{\376\377\173\054\0002\172\340\000\040\060\267\060\271\060\306\060\340\151\202\211\201}{}% 2
\BOOKMARK [1][-]{section.2.1}{\376\377\0002\000.\0001\000\040\060\123\060\156\172\340\060\147\146\370\060\117\060\123\060\150}{chapter.2}% 3
\BOOKMARK [1][-]{section.2.2}{\376\377\0002\000.\0002\000\040\060\246\060\247\060\374\060\326\060\354\060\303\060\310}{chapter.2}% 4
\BOOKMARK [1][-]{section.2.3}{\376\377\0002\000.\0003\000\040\220\043\175\232\060\246\060\247\060\374\060\326\060\354\060\303\060\310\131\011\143\333}{chapter.2}% 5
\BOOKMARK [2][-]{subsection.2.3.1}{\376\377\0002\000.\0003\000.\0001\000\040\150\103\131\052\220\316\117\035\212\254}{section.2.3}% 6
\BOOKMARK [2][-]{subsection.2.3.2}{\376\377\0002\000.\0003\000.\0002\000\040\230\006\131\011\143\333}{section.2.3}% 7
\BOOKMARK [2][-]{subsection.2.3.3}{\376\377\0002\000.\0003\000.\0003\000\040\220\006\131\011\143\333}{section.2.3}% 8
\BOOKMARK [1][-]{section.2.4}{\376\377\0002\000.\0004\000\040\060\140\060\140\060\140\060\140}{chapter.2}% 9
\BOOKMARK [2][-]{subsection.2.4.1}{\376\377\0002\000.\0004\000.\0001\000\040\060\102\060\102\060\102}{section.2.4}% 10
\BOOKMARK [1][-]{section.2.5}{\376\377\0002\000.\0005\000\040\060\140\060\102\060\102\060\102\060\102}{chapter.2}% 11
\BOOKMARK [2][-]{subsection.2.5.1}{\376\377\0002\000.\0005\000.\0001\000\040\127\372\147\054\166\204\060\152\200\003\060\110\145\271}{section.2.5}% 12
\BOOKMARK [1][-]{section.2.6}{\376\377\0002\000.\0006\000\040\173\227\210\123\173\046\123\367\123\026}{chapter.2}% 13
\BOOKMARK [2][-]{subsection.2.6.1}{\376\377\0002\000.\0006\000.\0001\000\040\136\163\127\107\173\046\123\367\225\167}{section.2.6}% 14
\BOOKMARK [0][-]{chapter.3}{\376\377\173\054\0003\172\340\000\040\133\146\177\322\060\307\060\374\060\277\060\156\156\226\120\231}{}% 15
\BOOKMARK [1][-]{section.3.1}{\376\377\0003\000.\0001\000\040\060\123\060\156\172\340\060\147\146\370\060\117\060\123\060\150}{chapter.3}% 16
\BOOKMARK [1][-]{section.3.2}{\376\377\0003\000.\0002\000\040\133\146\177\322\060\307\060\374\060\277\060\156\226\306\060\201\145\271}{chapter.3}% 17
\BOOKMARK [0][-]{chapter.4}{\376\377\173\054\0004\172\340\000\040\216\312\116\041\060\277\060\244\060\327\122\044\122\045\060\342\060\307\060\353\060\153\060\144\060\104\060\146}{}% 18
\BOOKMARK [1][-]{section.4.1}{\376\377\0004\000.\0001\000\040\060\123\060\156\172\340\060\147\146\370\060\117\060\123\060\150}{chapter.4}% 19
\BOOKMARK [0][-]{chapter.5}{\376\377\173\054\0005\172\340\000\040\175\120\212\326}{}% 20
\BOOKMARK [0][-]{chapter*.8}{\376\377\123\302\200\003\145\207\163\056}{}% 21
\BOOKMARK [0][-]{appendix.A}{\376\377\116\330\223\062\000A\000\040\225\213\166\172\060\127\060\137\060\327\060\355\060\260\060\351\060\340}{}% 22
\BOOKMARK [1][-]{section.A.1}{\376\377\000A\000.\0001\000\040\060\273\060\303\060\310\060\242\060\303\060\327\145\271\154\325}{appendix.A}% 23
\BOOKMARK [1][-]{section.A.2}{\376\377\000A\000.\0002\000\040\117\177\060\104\145\271}{appendix.A}% 24
\BOOKMARK [1][-]{section.A.3}{\376\377\000A\000.\0003\000\040\060\275\060\374\060\271\060\263\060\374\060\311}{appendix.A}% 25
\BOOKMARK [0][-]{appendix.B}{\376\377\116\330\223\062\000B\000\040\060\104\060\104\060\104\060\104\060\104}{}% 26
